0 info it worked if it ends with ok
1 verbose cli [ '/Users/chaim/.nvm/versions/node/v6.11.2/bin/node',
1 verbose cli   '/Users/chaim/.nvm/versions/node/v6.11.2/bin/npm',
1 verbose cli   'start' ]
2 info using npm@3.10.10
3 info using node@v6.11.2
4 verbose run-script [ 'prestart', 'start', 'poststart' ]
5 info lifecycle my-node-api@0.5.0~prestart: my-node-api@0.5.0
6 silly lifecycle my-node-api@0.5.0~prestart: no script for prestart, continuing
7 info lifecycle my-node-api@0.5.0~start: my-node-api@0.5.0
8 verbose lifecycle my-node-api@0.5.0~start: unsafe-perm in lifecycle true
9 verbose lifecycle my-node-api@0.5.0~start: PATH: /Users/chaim/.nvm/versions/node/v6.11.2/lib/node_modules/npm/bin/node-gyp-bin:/Users/chaim/Development/code/cuties/node_modules/.bin:/Users/chaim/.nvm/versions/node/v6.11.2/bin:/Users/chaim/.rvm/gems/ruby-2.3.3/bin:/Users/chaim/.rvm/gems/ruby-2.3.3@global/bin:/Users/chaim/.rvm/rubies/ruby-2.3.3/bin:/usr/local/bin:/usr/bin:/bin:/usr/sbin:/sbin:/Applications/Postgres.app/Contents/Versions/latest/bin:/Users/chaim/.rvm/gems/ruby-2.3.3/bin:/Users/chaim/.rvm/gems/ruby-2.3.3@global/bin:/Users/chaim/.rvm/rubies/ruby-2.3.3/bin:/Users/chaim/.rvm/bin:/Users/chaim/.rvm/bin
10 verbose lifecycle my-node-api@0.5.0~start: CWD: /Users/chaim/Development/code/cuties
11 silly lifecycle my-node-api@0.5.0~start: Args: [ '-c', 'PORT=4200 node server.js' ]
12 silly lifecycle my-node-api@0.5.0~start: Returned: code: 1  signal: null
13 info lifecycle my-node-api@0.5.0~start: Failed to exec start script
14 verbose stack Error: my-node-api@0.5.0 start: `PORT=4200 node server.js`
14 verbose stack Exit status 1
14 verbose stack     at EventEmitter.<anonymous> (/Users/chaim/.nvm/versions/node/v6.11.2/lib/node_modules/npm/lib/utils/lifecycle.js:255:16)
14 verbose stack     at emitTwo (events.js:106:13)
14 verbose stack     at EventEmitter.emit (events.js:191:7)
14 verbose stack     at ChildProcess.<anonymous> (/Users/chaim/.nvm/versions/node/v6.11.2/lib/node_modules/npm/lib/utils/spawn.js:40:14)
14 verbose stack     at emitTwo (events.js:106:13)
14 verbose stack     at ChildProcess.emit (events.js:191:7)
14 verbose stack     at maybeClose (internal/child_process.js:891:16)
14 verbose stack     at Process.ChildProcess._handle.onexit (internal/child_process.js:226:5)
15 verbose pkgid my-node-api@0.5.0
16 verbose cwd /Users/chaim/Development/code/cuties
17 error Darwin 18.2.0
18 error argv "/Users/chaim/.nvm/versions/node/v6.11.2/bin/node" "/Users/chaim/.nvm/versions/node/v6.11.2/bin/npm" "start"
19 error node v6.11.2
20 error npm  v3.10.10
21 error code ELIFECYCLE
22 error my-node-api@0.5.0 start: `PORT=4200 node server.js`
22 error Exit status 1
23 error Failed at the my-node-api@0.5.0 start script 'PORT=4200 node server.js'.
23 error Make sure you have the latest version of node.js and npm installed.
23 error If you do, this is most likely a problem with the my-node-api package,
23 error not with npm itself.
23 error Tell the author that this fails on your system:
23 error     PORT=4200 node server.js
23 error You can get information on how to open an issue for this project with:
23 error     npm bugs my-node-api
23 error Or if that isn't available, you can get their info via:
23 error     npm owner ls my-node-api
23 error There is likely additional logging output above.
24 verbose exit [ 1, true ]
